<?xml version="1.0" encoding="UTF-8"?>
<testng-results skipped="0" failed="0" ignored="0" total="1" passed="1">
  <reporter-output>
  </reporter-output>
  <suite name="Default suite" duration-ms="96705" started-at="2019-04-30T14:44:51Z" finished-at="2019-04-30T14:46:28Z">
    <groups>
    </groups>
    <test name="Default test" duration-ms="96705" started-at="2019-04-30T14:44:51Z" finished-at="2019-04-30T14:46:28Z">
      <class name="kdf.Application">
        <test-method status="PASS" signature="applicationLoginTest()[pri:0, instance:kdf.Application@cc285f4]" name="applicationLoginTest" duration-ms="96535" started-at="2019-04-30T14:44:51Z" finished-at="2019-04-30T14:46:28Z">
          <reporter-output>
          </reporter-output>
        </test-method> <!-- applicationLoginTest -->
      </class> <!-- kdf.Application -->
    </test> <!-- Default test -->
  </suite> <!-- Default suite -->
</testng-results>
